<?xml version="1.0" encoding="UTF-8"?>
<testng-results ignored="0" total="1" passed="1" failed="0" skipped="0">
  <reporter-output>
  </reporter-output>
  <suite started-at="2019-12-22T20:37:56 EST" name="Default suite" finished-at="2019-12-22T20:38:24 EST" duration-ms="27282">
    <groups>
    </groups>
    <test started-at="2019-12-22T20:37:56 EST" name="Default test" finished-at="2019-12-22T20:38:24 EST" duration-ms="27282">
      <class name="com.chekingLinks.test.CheckLinksTest">
        <test-method is-config="true" signature="beforeClass()[pri:0, instance:com.chekingLinks.test.CheckLinksTest@7f1302d6]" started-at="2019-12-22T20:37:56 EST" name="beforeClass" finished-at="2019-12-22T20:38:07 EST" duration-ms="10346" status="PASS">
          <reporter-output>
          </reporter-output>
        </test-method> <!-- beforeClass -->
        <test-method signature="f()[pri:0, instance:com.chekingLinks.test.CheckLinksTest@7f1302d6]" started-at="2019-12-22T20:38:07 EST" name="f" finished-at="2019-12-22T20:38:19 EST" duration-ms="12826" status="PASS">
          <reporter-output>
          </reporter-output>
        </test-method> <!-- f -->
        <test-method is-config="true" signature="afterClass()[pri:0, instance:com.chekingLinks.test.CheckLinksTest@7f1302d6]" started-at="2019-12-22T20:38:19 EST" name="afterClass" finished-at="2019-12-22T20:38:24 EST" duration-ms="4075" status="PASS">
          <reporter-output>
          </reporter-output>
        </test-method> <!-- afterClass -->
      </class> <!-- com.chekingLinks.test.CheckLinksTest -->
    </test> <!-- Default test -->
  </suite> <!-- Default suite -->
</testng-results>
